Compiling the C compiler identification source file "CMakeCCompilerId.c" failed.
Compiler: /Library/Developer/CommandLineTools/usr/bin/cc 
Build flags: 
Id flags:  

The output was:
1
ld: library not found for -lSystem
clang: error: linker command failed with exit code 1 (use -v to see invocation)


Compiling the CXX compiler identification source file "CMakeCXXCompilerId.cpp" failed.
Compiler: /Library/Developer/CommandLineTools/usr/bin/c++ 
Build flags: 
Id flags:  

The output was:
1
ld: library not found for -lc++
clang: error: linker command failed with exit code 1 (use -v to see invocation)


Determining if the function sgemm_ exists failed with the following output:
Change Dir: /Users/a04280905/Desktop/2023/C-Studies/CppBasics/EigenTest/build/CMakeFiles/CMakeTmp

Run Build Command(s):/usr/bin/make cmTC_90bee/fast && /Library/Developer/CommandLineTools/usr/bin/make  -f CMakeFiles/cmTC_90bee.dir/build.make CMakeFiles/cmTC_90bee.dir/build
Building C object CMakeFiles/cmTC_90bee.dir/CheckFunctionExists.c.o
/Library/Developer/CommandLineTools/usr/bin/cc   -DCHECK_FUNCTION_EXISTS=sgemm_ -isysroot /Library/Developer/CommandLineTools/SDKs/MacOSX12.1.sdk -mmacosx-version-min=11.6 -o CMakeFiles/cmTC_90bee.dir/CheckFunctionExists.c.o -c /Applications/CMake.app/Contents/share/cmake-3.19/Modules/CheckFunctionExists.c
Linking C executable cmTC_90bee
/Applications/CMake.app/Contents/bin/cmake -E cmake_link_script CMakeFiles/cmTC_90bee.dir/link.txt --verbose=1
/Library/Developer/CommandLineTools/usr/bin/cc  -DCHECK_FUNCTION_EXISTS=sgemm_ -isysroot /Library/Developer/CommandLineTools/SDKs/MacOSX12.1.sdk -mmacosx-version-min=11.6 -Wl,-search_paths_first -Wl,-headerpad_max_install_names CMakeFiles/cmTC_90bee.dir/CheckFunctionExists.c.o -o cmTC_90bee 
Undefined symbols for architecture x86_64:
  "_sgemm_", referenced from:
      _main in CheckFunctionExists.c.o
ld: symbol(s) not found for architecture x86_64
clang: error: linker command failed with exit code 1 (use -v to see invocation)
make[1]: *** [cmTC_90bee] Error 1
make: *** [cmTC_90bee/fast] Error 2



Determining if the __fbufsize exist failed with the following output:
Change Dir: /Users/a04280905/Desktop/2023/C-Studies/CppBasics/EigenTest/build/CMakeFiles/CMakeTmp

Run Build Command(s):/usr/bin/make cmTC_e79e0/fast && /Library/Developer/CommandLineTools/usr/bin/make  -f CMakeFiles/cmTC_e79e0.dir/build.make CMakeFiles/cmTC_e79e0.dir/build
Building C object CMakeFiles/cmTC_e79e0.dir/CheckSymbolExists.c.o
/Library/Developer/CommandLineTools/usr/bin/cc   -isysroot /Library/Developer/CommandLineTools/SDKs/MacOSX12.1.sdk -mmacosx-version-min=11.6 -o CMakeFiles/cmTC_e79e0.dir/CheckSymbolExists.c.o -c /Users/a04280905/Desktop/2023/C-Studies/CppBasics/EigenTest/build/CMakeFiles/CMakeTmp/CheckSymbolExists.c
/Users/a04280905/Desktop/2023/C-Studies/CppBasics/EigenTest/build/CMakeFiles/CMakeTmp/CheckSymbolExists.c:2:10: fatal error: 'stdio_ext.h' file not found
#include <stdio_ext.h>
         ^~~~~~~~~~~~~
1 error generated.
make[1]: *** [CMakeFiles/cmTC_e79e0.dir/CheckSymbolExists.c.o] Error 1
make: *** [cmTC_e79e0/fast] Error 2


File /Users/a04280905/Desktop/2023/C-Studies/CppBasics/EigenTest/build/CMakeFiles/CMakeTmp/CheckSymbolExists.c:
/* */
#include <stdio_ext.h>

int main(int argc, char** argv)
{
  (void)argv;
#ifndef __fbufsize
  return ((int*)(&__fbufsize))[argc];
#else
  (void)argc;
  return 0;
#endif
}
